[2018-07-09 17:40:48,900][DEBUG][thread:1] Log4Net Configuration loaded:C:\Users\atilla\ws\VHS\.vhs\devicemanager\logging.development.config [Core.Framework.Middleware.LogMiddleware.?]
[2018-07-09 17:40:49,026][DEBUG][thread:1] Loading settings... [Core.Framework.Middleware.LogMiddleware.?]
[2018-07-09 17:40:49,434][DEBUG][thread:1] ListSettingsInternal() method invoked in :370ms 1 requestId:17cdb011-997e-4271-99c4-20349cae6932 [Core.Framework.Middleware.LogMiddleware.?]
[2018-07-09 17:40:49,436][DEBUG][thread:1] Settings loaded. Count:81 [Core.Framework.Middleware.LogMiddleware.?]
[2018-07-09 17:40:49,447][DEBUG][thread:6] ListAllLanguage() method invoked in :9ms 1 requestId:dfb320d7-3008-429f-9eba-a80422cca4c6 [Core.Framework.Middleware.LogMiddleware.?]
[2018-07-09 17:40:49,450][DEBUG][thread:1] Language cache loaded.. [Core.Framework.Middleware.LogMiddleware.?]
[2018-07-09 17:40:49,452][INFO ][thread:1] ######  DeviceManager.Service STARTED!  ####### [Core.Framework.Middleware.LogMiddleware.?]
[2018-07-09 17:40:51,944][DEBUG][thread:5] User: 0 URL=/api/values [DeviceManager.API.CoreMiddleware.?]
[2018-07-09 17:40:57,304][DEBUG][thread:6] User: 0 URL=/api/system/listlanguage [DeviceManager.API.CoreMiddleware.?]
[2018-07-09 17:43:13,039][DEBUG][thread:5] User: 0 URL=/api/system/listlanguage [DeviceManager.API.CoreMiddleware.?]
[2018-07-09 17:43:25,554][DEBUG][thread:15] User: 0 URL=/api/device/listtemplate [DeviceManager.API.CoreMiddleware.?]
[2018-07-09 17:43:25,741][DEBUG][thread:5] ListTemplate() method invoked in :29ms 0 requestId:0HLF5L7S094QE:00000002 [Core.Framework.Middleware.LogMiddleware.?]
[2018-07-09 17:44:29,987][DEBUG][thread:15] User: 0 URL=/api/system/listlanguage [DeviceManager.API.CoreMiddleware.?]
[2018-07-09 17:44:42,804][DEBUG][thread:15] User: 0 URL=/api/js/json/config.js [DeviceManager.API.CoreMiddleware.?]
[2018-07-09 17:44:45,469][DEBUG][thread:19] User: 0 URL=/api/js/json/languages/tr-TR.js [DeviceManager.API.CoreMiddleware.?]
[2018-07-09 17:44:50,977][DEBUG][thread:17] User: 0 URL=/api/js/json/config.js [DeviceManager.API.CoreMiddleware.?]
[2018-07-09 17:44:51,202][DEBUG][thread:15] User: 0 URL=/api/js/json/languages/tr-TR.js [DeviceManager.API.CoreMiddleware.?]
[2018-07-09 17:45:12,142][DEBUG][thread:15] User: 0 URL=/api/device/listtemplate [DeviceManager.API.CoreMiddleware.?]
[2018-07-09 17:45:12,148][DEBUG][thread:15] ListTemplate() method invoked in :2ms 0 requestId:0HLF5L7S094QE:0000000A [Core.Framework.Middleware.LogMiddleware.?]
[2018-07-09 17:45:49,931][DEBUG][thread:15] User: 0 URL=/api/system/listlanguage [DeviceManager.API.CoreMiddleware.?]
[2018-07-09 18:04:20,619][DEBUG][thread:1] Log4Net Configuration loaded:C:\Users\atilla\ws\VHS\.vhs\devicemanager\logging.development.config [Core.Framework.Middleware.LogMiddleware.?]
[2018-07-09 18:04:20,673][DEBUG][thread:1] Loading settings... [Core.Framework.Middleware.LogMiddleware.?]
[2018-07-09 18:04:20,953][DEBUG][thread:5] ListSettingsInternal() method invoked in :256ms 1 requestId:af086f6e-5b41-4156-9093-ed4c63e1e699 [Core.Framework.Middleware.LogMiddleware.?]
[2018-07-09 18:04:20,955][DEBUG][thread:1] Settings loaded. Count:81 [Core.Framework.Middleware.LogMiddleware.?]
[2018-07-09 18:04:20,966][DEBUG][thread:6] ListAllLanguage() method invoked in :8ms 1 requestId:704495fe-3357-49d1-9ca5-b3d629966314 [Core.Framework.Middleware.LogMiddleware.?]
[2018-07-09 18:04:20,969][DEBUG][thread:1] Language cache loaded.. [Core.Framework.Middleware.LogMiddleware.?]
[2018-07-09 18:04:20,971][INFO ][thread:1] ######  DeviceManager.Service STARTED!  ####### [Core.Framework.Middleware.LogMiddleware.?]
[2018-07-09 18:04:29,379][DEBUG][thread:5] User: 0 URL=/api/values [DeviceManager.API.CoreMiddleware.?]
[2018-07-09 18:04:41,186][DEBUG][thread:5] User: 0 URL=/api/js/json/config.js [DeviceManager.API.CoreMiddleware.?]
[2018-07-09 18:04:43,726][DEBUG][thread:6] User: 0 URL=/api/js/json/languages/tr-TR.js [DeviceManager.API.CoreMiddleware.?]
[2018-07-09 18:04:44,149][DEBUG][thread:6] User: 0 URL=/api/system/listlanguage [DeviceManager.API.CoreMiddleware.?]
[2018-07-09 18:05:07,893][DEBUG][thread:7] User: 0 URL=/api/js/json/config.js [DeviceManager.API.CoreMiddleware.?]
[2018-07-09 18:05:08,194][DEBUG][thread:6] User: 0 URL=/api/js/json/languages/tr-TR.js [DeviceManager.API.CoreMiddleware.?]
[2018-07-09 18:05:11,756][DEBUG][thread:5] User: 2 URL=/api/device/listtemplate [DeviceManager.API.CoreMiddleware.?]
[2018-07-09 18:05:11,854][DEBUG][thread:7] ListTemplate() method invoked in :33ms 2 requestId:0HLF5LL0F5BOB:00000008 [Core.Framework.Middleware.LogMiddleware.?]
[2018-07-09 18:05:15,334][DEBUG][thread:5] User: 2 URL=/api/system/listlanguage [DeviceManager.API.CoreMiddleware.?]
[2018-07-09 18:05:19,560][DEBUG][thread:5] ListLanguage(): Unauthorized access, Method: SystemService.ListLanguage [Core.Framework.Middleware.LogMiddleware.?]
[2018-07-09 18:05:19,618][DEBUG][thread:5] ListLanguage() method invoked in :267ms 2 requestId:0HLF5LL0F5BOB:0000000A [Core.Framework.Middleware.LogMiddleware.?]
[2018-07-09 18:05:49,061][DEBUG][thread:5] User: 2 URL=/api/device/listtemplate [DeviceManager.API.CoreMiddleware.?]
[2018-07-09 18:05:49,097][DEBUG][thread:5] ListTemplate() method invoked in :22ms 2 requestId:0HLF5LL0F5BOB:0000000C [Core.Framework.Middleware.LogMiddleware.?]
[2018-07-09 18:05:54,355][DEBUG][thread:16] User: 2 URL=/api/system/listlanguage [DeviceManager.API.CoreMiddleware.?]
[2018-07-09 18:06:26,779][DEBUG][thread:16] ListLanguage(): Unauthorized access, Method: SystemService.ListLanguage [Core.Framework.Middleware.LogMiddleware.?]
[2018-07-09 18:06:26,833][DEBUG][thread:16] ListLanguage() method invoked in :159ms 2 requestId:0HLF5LL0F5BOB:0000000E [Core.Framework.Middleware.LogMiddleware.?]
[2018-07-09 18:06:43,185][DEBUG][thread:16] User: 2 URL=/api/device/listtemplate [DeviceManager.API.CoreMiddleware.?]
[2018-07-09 18:06:43,200][DEBUG][thread:16] ListTemplate() method invoked in :11ms 2 requestId:0HLF5LL0F5BOB:00000010 [Core.Framework.Middleware.LogMiddleware.?]
[2018-07-09 18:06:43,996][DEBUG][thread:16] User: 2 URL=/api/system/listlanguage [DeviceManager.API.CoreMiddleware.?]
[2018-07-10 23:49:41,905][DEBUG][thread:1] Log4Net Configuration loaded:/Users/atilla/WS/github/IP-Man/src/.vhs/devicemanager/logging.development.config [Core.Framework.Middleware.LogMiddleware.?]
[2018-07-10 23:49:41,950][DEBUG][thread:1] Loading settings... [Core.Framework.Middleware.LogMiddleware.?]
[2018-07-10 23:49:42,697][DEBUG][thread:4] ListSettingsInternal() method invoked in :671ms 1 requestId:a5bc2b39-954b-464d-bb9d-4dec5367b311 [Core.Framework.Middleware.LogMiddleware.?]
[2018-07-10 23:49:42,704][DEBUG][thread:1] Settings loaded. Count:95 [Core.Framework.Middleware.LogMiddleware.?]
[2018-07-10 23:49:42,769][DEBUG][thread:4] ListAllLanguage() method invoked in :63ms 1 requestId:66a0570a-c3ac-4ff9-ad5c-d12a469eea6b [Core.Framework.Middleware.LogMiddleware.?]
[2018-07-10 23:49:42,776][DEBUG][thread:1] Language cache loaded.. [Core.Framework.Middleware.LogMiddleware.?]
[2018-07-10 23:49:42,777][INFO ][thread:1] ######  DeviceManager.Service STARTED!  ####### [Core.Framework.Middleware.LogMiddleware.?]
[2018-07-10 23:49:46,660][DEBUG][thread:5] User: 0 URL=/ [DeviceManager.API.CoreMiddleware.?]
[2018-07-10 23:49:53,037][DEBUG][thread:11] User: 0 URL=/api/example/getuser/219 [DeviceManager.API.CoreMiddleware.?]
[2018-07-10 23:49:54,402][DEBUG][thread:11] User: 0 URL=/api/values [DeviceManager.API.CoreMiddleware.?]
[2018-07-10 23:49:54,930][DEBUG][thread:9] User: 0 URL=/api/values [DeviceManager.API.CoreMiddleware.?]
[2018-07-11 05:33:14,728][DEBUG][thread:1] Log4Net Configuration loaded:/Users/atilla/WS/github/IP-Man/src/.vhs/devicemanager/logging.development.config [Core.Framework.Middleware.LogMiddleware.?]
[2018-07-11 05:33:14,771][DEBUG][thread:1] Loading settings... [Core.Framework.Middleware.LogMiddleware.?]
[2018-07-11 05:33:15,359][DEBUG][thread:4] ListSettingsInternal() method invoked in :557ms 1 requestId:9e5e15c5-15b8-4ac6-9c98-a7da6d602488 [Core.Framework.Middleware.LogMiddleware.?]
[2018-07-11 05:33:15,366][DEBUG][thread:1] Settings loaded. Count:95 [Core.Framework.Middleware.LogMiddleware.?]
[2018-07-11 05:33:15,403][DEBUG][thread:1] ListAllLanguage() method invoked in :34ms 1 requestId:74e3047c-83d0-4530-9815-7683a03586f1 [Core.Framework.Middleware.LogMiddleware.?]
[2018-07-11 05:33:15,406][DEBUG][thread:1] Language cache loaded.. [Core.Framework.Middleware.LogMiddleware.?]
[2018-07-11 05:33:15,407][INFO ][thread:1] ######  DeviceManager.Service STARTED!  ####### [Core.Framework.Middleware.LogMiddleware.?]
[2018-07-11 05:33:19,113][DEBUG][thread:5] User: 0 URL=/ [DeviceManager.API.CoreMiddleware.?]
[2018-07-11 05:33:23,696][DEBUG][thread:11] User: 0 URL=/ [DeviceManager.API.CoreMiddleware.?]
[2018-07-11 05:33:24,411][DEBUG][thread:4] User: 0 URL=/api/values [DeviceManager.API.CoreMiddleware.?]
[2018-07-11 05:33:24,987][DEBUG][thread:11] User: 0 URL=/api/values [DeviceManager.API.CoreMiddleware.?]
[2018-07-11 05:33:28,752][DEBUG][thread:11] User: 0 URL=/api/js/json/config.js [DeviceManager.API.CoreMiddleware.?]
[2018-07-11 05:33:32,590][DEBUG][thread:11] User: 0 URL=/api/system/listlanguage [DeviceManager.API.CoreMiddleware.?]
[2018-07-11 05:33:33,904][DEBUG][thread:9] User: 0 URL=/api/device/listtemplate [DeviceManager.API.CoreMiddleware.?]
[2018-07-11 05:33:34,044][DEBUG][thread:4] ListTemplate() method invoked in :64ms 0 requestId:0HLF6QQKT40RE:00000007 [Core.Framework.Middleware.LogMiddleware.?]
[2018-07-11 05:33:35,001][DEBUG][thread:9] User: 0 URL=/api/device/listmodel [DeviceManager.API.CoreMiddleware.?]
[2018-07-11 05:33:35,043][DEBUG][thread:4] ListModel() method invoked in :26ms 0 requestId:0HLF6QQKT40RE:00000009 [Core.Framework.Middleware.LogMiddleware.?]
[2018-07-11 05:33:36,947][DEBUG][thread:11] User: 0 URL=/api/device/listproperty [DeviceManager.API.CoreMiddleware.?]
[2018-07-11 05:33:36,991][DEBUG][thread:4] ListProperty() method invoked in :28ms 0 requestId:0HLF6QQKT40RE:0000000B [Core.Framework.Middleware.LogMiddleware.?]
[2018-07-11 05:33:38,810][DEBUG][thread:11] User: 0 URL=/api/device/listproperty [DeviceManager.API.CoreMiddleware.?]
[2018-07-11 05:33:38,831][DEBUG][thread:4] ListProperty() method invoked in :15ms 0 requestId:0HLF6QQKT40RE:0000000C [Core.Framework.Middleware.LogMiddleware.?]
[2018-07-11 05:33:39,809][DEBUG][thread:4] User: 0 URL=/api/device/listmodel [DeviceManager.API.CoreMiddleware.?]
[2018-07-11 05:33:39,831][DEBUG][thread:11] ListModel() method invoked in :15ms 0 requestId:0HLF6QQKT40RE:0000000D [Core.Framework.Middleware.LogMiddleware.?]
[2018-07-11 05:33:40,631][DEBUG][thread:4] User: 0 URL=/api/device/listtemplate [DeviceManager.API.CoreMiddleware.?]
[2018-07-11 05:33:40,655][DEBUG][thread:11] ListTemplate() method invoked in :15ms 0 requestId:0HLF6QQKT40RE:0000000F [Core.Framework.Middleware.LogMiddleware.?]
[2018-07-11 05:40:56,960][DEBUG][thread:23] User: 0 URL=/api/device/listmodel [DeviceManager.API.CoreMiddleware.?]
[2018-07-11 05:40:56,979][DEBUG][thread:21] ListModel() method invoked in :14ms 0 requestId:0HLF6QQKT40RF:00000002 [Core.Framework.Middleware.LogMiddleware.?]
[2018-07-11 05:40:57,542][DEBUG][thread:22] User: 0 URL=/api/device/listproperty [DeviceManager.API.CoreMiddleware.?]
[2018-07-11 05:40:57,562][DEBUG][thread:24] ListProperty() method invoked in :14ms 0 requestId:0HLF6QQKT40RF:00000004 [Core.Framework.Middleware.LogMiddleware.?]
[2018-07-11 05:40:58,091][DEBUG][thread:21] User: 0 URL=/api/device/listmodel [DeviceManager.API.CoreMiddleware.?]
[2018-07-11 05:40:58,113][DEBUG][thread:24] ListModel() method invoked in :15ms 0 requestId:0HLF6QQKT40RF:00000005 [Core.Framework.Middleware.LogMiddleware.?]
[2018-07-11 05:40:58,528][DEBUG][thread:22] User: 0 URL=/api/device/listtemplate [DeviceManager.API.CoreMiddleware.?]
[2018-07-11 05:40:58,550][DEBUG][thread:21] ListTemplate() method invoked in :14ms 0 requestId:0HLF6QQKT40RF:00000007 [Core.Framework.Middleware.LogMiddleware.?]
[2018-07-11 05:41:35,299][DEBUG][thread:22] User: 0 URL=/api/values [DeviceManager.API.CoreMiddleware.?]
[2018-07-11 05:52:37,166][DEBUG][thread:37] User: 0 URL=/api/js/json/config.js [DeviceManager.API.CoreMiddleware.?]
[2018-07-11 05:52:40,410][DEBUG][thread:35] User: 0 URL=/api/device/listtemplate [DeviceManager.API.CoreMiddleware.?]
[2018-07-11 05:52:40,559][DEBUG][thread:39] ListTemplate() method invoked in :143ms 0 requestId:0HLF6QQKT40RH:00000003 [Core.Framework.Middleware.LogMiddleware.?]
[2018-07-11 05:52:41,454][DEBUG][thread:40] User: 0 URL=/api/device/listmodel [DeviceManager.API.CoreMiddleware.?]
[2018-07-11 05:52:41,512][DEBUG][thread:40] ListModel() method invoked in :52ms 0 requestId:0HLF6QQKT40RH:00000005 [Core.Framework.Middleware.LogMiddleware.?]
[2018-07-11 05:52:42,148][DEBUG][thread:39] User: 0 URL=/api/device/listproperty [DeviceManager.API.CoreMiddleware.?]
[2018-07-11 05:52:42,171][DEBUG][thread:35] ListProperty() method invoked in :15ms 0 requestId:0HLF6QQKT40RH:00000007 [Core.Framework.Middleware.LogMiddleware.?]
[2018-07-11 05:52:42,852][DEBUG][thread:40] User: 0 URL=/api/device/listmodel [DeviceManager.API.CoreMiddleware.?]
[2018-07-11 05:52:42,876][DEBUG][thread:35] ListModel() method invoked in :16ms 0 requestId:0HLF6QQKT40RH:00000008 [Core.Framework.Middleware.LogMiddleware.?]
[2018-07-11 05:52:43,831][DEBUG][thread:37] User: 0 URL=/api/device/listtemplate [DeviceManager.API.CoreMiddleware.?]
[2018-07-11 05:52:43,841][DEBUG][thread:37] ListTemplate() method invoked in :4ms 0 requestId:0HLF6QQKT40RH:00000009 [Core.Framework.Middleware.LogMiddleware.?]
[2018-07-11 05:52:46,509][DEBUG][thread:37] User: 0 URL=/api/device/listproperty [DeviceManager.API.CoreMiddleware.?]
[2018-07-11 05:52:46,532][DEBUG][thread:40] ListProperty() method invoked in :14ms 0 requestId:0HLF6QQKT40RH:0000000A [Core.Framework.Middleware.LogMiddleware.?]
[2018-07-11 05:58:59,904][DEBUG][thread:43] User: 0 URL=/api/js/json/config.js [DeviceManager.API.CoreMiddleware.?]
[2018-07-11 06:00:30,121][DEBUG][thread:50] User: 0 URL=/api/js/json/config.js [DeviceManager.API.CoreMiddleware.?]
[2018-07-11 06:00:31,881][DEBUG][thread:50] User: 0 URL=/api/device/listproperty [DeviceManager.API.CoreMiddleware.?]
[2018-07-11 06:00:31,903][DEBUG][thread:47] ListProperty() method invoked in :15ms 0 requestId:0HLF6QQKT40RJ:00000003 [Core.Framework.Middleware.LogMiddleware.?]
[2018-07-11 06:00:32,530][DEBUG][thread:54] User: 0 URL=/api/device/listmodel [DeviceManager.API.CoreMiddleware.?]
[2018-07-11 06:00:32,552][DEBUG][thread:50] ListModel() method invoked in :16ms 0 requestId:0HLF6QQKT40RJ:00000005 [Core.Framework.Middleware.LogMiddleware.?]
[2018-07-11 06:11:43,304][DEBUG][thread:60] User: 0 URL=/api/js/json/config.js [DeviceManager.API.CoreMiddleware.?]
[2018-07-11 06:11:45,082][DEBUG][thread:61] User: 0 URL=/api/device/listproperty [DeviceManager.API.CoreMiddleware.?]
[2018-07-11 06:11:45,194][DEBUG][thread:63] ListProperty() method invoked in :105ms 0 requestId:0HLF6QQKT40RK:00000003 [Core.Framework.Middleware.LogMiddleware.?]
[2018-07-11 06:11:45,693][DEBUG][thread:60] User: 0 URL=/api/device/listmodel [DeviceManager.API.CoreMiddleware.?]
[2018-07-11 06:11:45,714][DEBUG][thread:64] ListModel() method invoked in :15ms 0 requestId:0HLF6QQKT40RK:00000005 [Core.Framework.Middleware.LogMiddleware.?]
[2018-07-11 06:11:46,271][DEBUG][thread:62] User: 0 URL=/api/device/listproperty [DeviceManager.API.CoreMiddleware.?]
[2018-07-11 06:11:46,294][DEBUG][thread:61] ListProperty() method invoked in :15ms 0 requestId:0HLF6QQKT40RK:00000006 [Core.Framework.Middleware.LogMiddleware.?]
[2018-07-11 06:11:48,003][DEBUG][thread:64] User: 0 URL=/api/device/listproperty [DeviceManager.API.CoreMiddleware.?]
[2018-07-11 06:11:48,028][DEBUG][thread:61] ListProperty() method invoked in :16ms 0 requestId:0HLF6QQKT40RK:00000007 [Core.Framework.Middleware.LogMiddleware.?]
[2018-07-11 06:12:22,633][DEBUG][thread:67] User: 0 URL=/api/js/json/config.js [DeviceManager.API.CoreMiddleware.?]
[2018-07-11 06:12:24,460][DEBUG][thread:67] User: 0 URL=/api/device/listproperty [DeviceManager.API.CoreMiddleware.?]
[2018-07-11 06:12:24,530][DEBUG][thread:69] ListProperty() method invoked in :63ms 0 requestId:0HLF6QQKT40RL:00000003 [Core.Framework.Middleware.LogMiddleware.?]
[2018-07-11 06:13:05,210][DEBUG][thread:71] User: 0 URL=/api/js/json/config.js [DeviceManager.API.CoreMiddleware.?]
[2018-07-11 06:13:07,575][DEBUG][thread:71] User: 0 URL=/api/device/listproperty [DeviceManager.API.CoreMiddleware.?]
[2018-07-11 06:13:07,617][DEBUG][thread:73] ListProperty() method invoked in :36ms 0 requestId:0HLF6QQKT40RM:00000003 [Core.Framework.Middleware.LogMiddleware.?]
[2018-07-11 06:13:09,034][DEBUG][thread:73] User: 0 URL=/api/device/listmodel [DeviceManager.API.CoreMiddleware.?]
[2018-07-11 06:13:09,076][DEBUG][thread:72] ListModel() method invoked in :35ms 0 requestId:0HLF6QQKT40RM:00000005 [Core.Framework.Middleware.LogMiddleware.?]
[2018-07-11 06:13:09,758][DEBUG][thread:73] User: 0 URL=/api/device/listproperty [DeviceManager.API.CoreMiddleware.?]
[2018-07-11 06:13:09,834][DEBUG][thread:76] ListProperty() method invoked in :69ms 0 requestId:0HLF6QQKT40RM:00000006 [Core.Framework.Middleware.LogMiddleware.?]
[2018-07-11 06:17:40,424][DEBUG][thread:1] Log4Net Configuration loaded:/Users/atilla/WS/github/IP-Man/src/.vhs/devicemanager/logging.development.config [Core.Framework.Middleware.LogMiddleware.?]
[2018-07-11 06:17:40,469][DEBUG][thread:1] Loading settings... [Core.Framework.Middleware.LogMiddleware.?]
[2018-07-11 06:17:41,022][DEBUG][thread:5] ListSettingsInternal() method invoked in :478ms 1 requestId:ba8d7932-dd5a-4c98-955b-85ed68b8226d [Core.Framework.Middleware.LogMiddleware.?]
[2018-07-11 06:17:41,027][DEBUG][thread:1] Settings loaded. Count:95 [Core.Framework.Middleware.LogMiddleware.?]
[2018-07-11 06:17:41,124][DEBUG][thread:5] ListAllLanguage() method invoked in :94ms 1 requestId:5344b03f-fc59-424f-831a-6b356f9cdd62 [Core.Framework.Middleware.LogMiddleware.?]
[2018-07-11 06:17:41,130][DEBUG][thread:1] Language cache loaded.. [Core.Framework.Middleware.LogMiddleware.?]
[2018-07-11 06:17:41,133][INFO ][thread:1] ######  DeviceManager.Service STARTED!  ####### [Core.Framework.Middleware.LogMiddleware.?]
[2018-07-11 06:17:43,849][DEBUG][thread:12] User: 0 URL=/ [DeviceManager.API.CoreMiddleware.?]
[2018-07-11 06:18:25,783][DEBUG][thread:10] User: 0 URL=/ [DeviceManager.API.CoreMiddleware.?]
[2018-07-11 06:18:28,311][DEBUG][thread:12] User: 0 URL=/api/values [DeviceManager.API.CoreMiddleware.?]
[2018-07-11 06:18:28,925][DEBUG][thread:15] User: 0 URL=/api/values [DeviceManager.API.CoreMiddleware.?]
[2018-07-11 06:20:39,073][DEBUG][thread:1] Log4Net Configuration loaded:/Users/atilla/WS/github/IP-Man/src/.vhs/devicemanager/logging.development.config [Core.Framework.Middleware.LogMiddleware.?]
[2018-07-11 06:20:39,113][DEBUG][thread:1] Loading settings... [Core.Framework.Middleware.LogMiddleware.?]
[2018-07-11 06:20:39,523][DEBUG][thread:5] ListSettingsInternal() method invoked in :378ms 1 requestId:712df2c5-1ff0-4415-8479-c6e80fecefd8 [Core.Framework.Middleware.LogMiddleware.?]
[2018-07-11 06:20:39,531][DEBUG][thread:1] Settings loaded. Count:95 [Core.Framework.Middleware.LogMiddleware.?]
[2018-07-11 06:20:39,582][DEBUG][thread:4] ListAllLanguage() method invoked in :47ms 1 requestId:f9e788f6-1537-4d94-8ee5-a925c750cd63 [Core.Framework.Middleware.LogMiddleware.?]
[2018-07-11 06:20:39,592][DEBUG][thread:1] Language cache loaded.. [Core.Framework.Middleware.LogMiddleware.?]
[2018-07-11 06:20:39,595][INFO ][thread:1] ######  DeviceManager.Service STARTED!  ####### [Core.Framework.Middleware.LogMiddleware.?]
[2018-07-11 06:20:42,429][DEBUG][thread:4] User: 0 URL=/ [DeviceManager.API.CoreMiddleware.?]
[2018-07-11 06:22:40,786][DEBUG][thread:1] Log4Net Configuration loaded:/Users/atilla/WS/github/IP-Man/src/.vhs/devicemanager/logging.development.config [Core.Framework.Middleware.LogMiddleware.?]
[2018-07-11 06:22:40,827][DEBUG][thread:1] Loading settings... [Core.Framework.Middleware.LogMiddleware.?]
[2018-07-11 06:22:41,230][DEBUG][thread:4] ListSettingsInternal() method invoked in :370ms 1 requestId:e5e4c600-e6fe-447d-824c-e2914a243ec5 [Core.Framework.Middleware.LogMiddleware.?]
[2018-07-11 06:22:41,238][DEBUG][thread:1] Settings loaded. Count:95 [Core.Framework.Middleware.LogMiddleware.?]
[2018-07-11 06:22:41,286][DEBUG][thread:4] ListAllLanguage() method invoked in :44ms 1 requestId:a7310b8e-6389-47c3-8664-db3365972e44 [Core.Framework.Middleware.LogMiddleware.?]
[2018-07-11 06:22:41,313][DEBUG][thread:1] Language cache loaded.. [Core.Framework.Middleware.LogMiddleware.?]
[2018-07-11 06:22:41,317][INFO ][thread:1] ######  DeviceManager.Service STARTED!  ####### [Core.Framework.Middleware.LogMiddleware.?]
[2018-07-11 06:22:43,656][DEBUG][thread:11] User: 0 URL=/ [DeviceManager.API.CoreMiddleware.?]
[2018-07-11 06:22:47,288][DEBUG][thread:7] User: 0 URL=/ [DeviceManager.API.CoreMiddleware.?]
[2018-07-11 06:23:15,109][DEBUG][thread:1] Log4Net Configuration loaded:/Users/atilla/WS/github/IP-Man/src/.vhs/devicemanager/logging.development.config [Core.Framework.Middleware.LogMiddleware.?]
[2018-07-11 06:23:15,153][DEBUG][thread:1] Loading settings... [Core.Framework.Middleware.LogMiddleware.?]
[2018-07-11 06:23:15,567][DEBUG][thread:4] ListSettingsInternal() method invoked in :382ms 1 requestId:f0eb766f-fb11-47bf-8155-27671f48fb7b [Core.Framework.Middleware.LogMiddleware.?]
[2018-07-11 06:23:15,576][DEBUG][thread:1] Settings loaded. Count:95 [Core.Framework.Middleware.LogMiddleware.?]
[2018-07-11 06:23:15,624][DEBUG][thread:4] ListAllLanguage() method invoked in :44ms 1 requestId:8a2893dd-de33-4a20-b910-7fdfc8712fa2 [Core.Framework.Middleware.LogMiddleware.?]
[2018-07-11 06:23:15,635][DEBUG][thread:1] Language cache loaded.. [Core.Framework.Middleware.LogMiddleware.?]
[2018-07-11 06:23:15,639][INFO ][thread:1] ######  DeviceManager.Service STARTED!  ####### [Core.Framework.Middleware.LogMiddleware.?]
[2018-07-11 06:23:18,032][DEBUG][thread:4] User: 0 URL=/ [DeviceManager.API.CoreMiddleware.?]
[2018-07-11 06:24:20,880][DEBUG][thread:1] Log4Net Configuration loaded:/Users/atilla/WS/github/IP-Man/src/.vhs/devicemanager/logging.development.config [Core.Framework.Middleware.LogMiddleware.?]
[2018-07-11 06:24:20,926][DEBUG][thread:1] Loading settings... [Core.Framework.Middleware.LogMiddleware.?]
[2018-07-11 06:24:21,368][DEBUG][thread:4] ListSettingsInternal() method invoked in :401ms 1 requestId:aec1268e-69e9-4eea-8fdd-29a67fc4bda8 [Core.Framework.Middleware.LogMiddleware.?]
[2018-07-11 06:24:21,372][DEBUG][thread:1] Settings loaded. Count:95 [Core.Framework.Middleware.LogMiddleware.?]
[2018-07-11 06:24:21,444][DEBUG][thread:5] ListAllLanguage() method invoked in :67ms 1 requestId:3e186e61-256c-4204-a5b9-1c1548b542fc [Core.Framework.Middleware.LogMiddleware.?]
[2018-07-11 06:24:21,451][DEBUG][thread:1] Language cache loaded.. [Core.Framework.Middleware.LogMiddleware.?]
[2018-07-11 06:24:21,455][INFO ][thread:1] ######  DeviceManager.Service STARTED!  ####### [Core.Framework.Middleware.LogMiddleware.?]
[2018-07-11 06:24:24,294][DEBUG][thread:5] User: 0 URL=/ [DeviceManager.API.CoreMiddleware.?]
[2018-07-11 06:27:52,695][DEBUG][thread:1] Log4Net Configuration loaded:/Users/atilla/WS/github/IP-Man/src/.vhs/devicemanager/logging.development.config [Core.Framework.Middleware.LogMiddleware.?]
[2018-07-11 06:27:52,744][DEBUG][thread:1] Loading settings... [Core.Framework.Middleware.LogMiddleware.?]
[2018-07-11 06:27:53,275][DEBUG][thread:4] ListSettingsInternal() method invoked in :494ms 1 requestId:6e9edfa6-6ffb-471f-9532-1fb104641ccf [Core.Framework.Middleware.LogMiddleware.?]
[2018-07-11 06:27:53,282][DEBUG][thread:1] Settings loaded. Count:95 [Core.Framework.Middleware.LogMiddleware.?]
[2018-07-11 06:27:53,387][DEBUG][thread:5] ListAllLanguage() method invoked in :94ms 1 requestId:c56f933f-6397-4c58-9bc3-6efdbe54a8bb [Core.Framework.Middleware.LogMiddleware.?]
[2018-07-11 06:27:53,394][DEBUG][thread:1] Language cache loaded.. [Core.Framework.Middleware.LogMiddleware.?]
[2018-07-11 06:27:53,398][INFO ][thread:1] ######  DeviceManager.Service STARTED!  ####### [Core.Framework.Middleware.LogMiddleware.?]
[2018-07-11 06:30:03,090][DEBUG][thread:1] Log4Net Configuration loaded:/Users/atilla/WS/github/IP-Man/src/.vhs/devicemanager/logging.development.config [Core.Framework.Middleware.LogMiddleware.?]
[2018-07-11 06:30:03,133][DEBUG][thread:1] Loading settings... [Core.Framework.Middleware.LogMiddleware.?]
[2018-07-11 06:30:03,539][DEBUG][thread:5] ListSettingsInternal() method invoked in :373ms 1 requestId:a6d403c9-b5b3-4245-8840-65c37756e3ee [Core.Framework.Middleware.LogMiddleware.?]
[2018-07-11 06:30:03,545][DEBUG][thread:1] Settings loaded. Count:95 [Core.Framework.Middleware.LogMiddleware.?]
[2018-07-11 06:30:03,560][DEBUG][thread:1] ListAllLanguage() method invoked in :10ms 1 requestId:9f11be3b-7506-41bb-b86e-cac922c6e632 [Core.Framework.Middleware.LogMiddleware.?]
[2018-07-11 06:30:03,563][DEBUG][thread:1] Language cache loaded.. [Core.Framework.Middleware.LogMiddleware.?]
[2018-07-11 06:30:03,567][INFO ][thread:1] ######  DeviceManager.Service STARTED!  ####### [Core.Framework.Middleware.LogMiddleware.?]
[2018-07-11 06:30:50,952][DEBUG][thread:1] Log4Net Configuration loaded:/Users/atilla/WS/github/IP-Man/src/.vhs/devicemanager/logging.development.config [Core.Framework.Middleware.LogMiddleware.?]
[2018-07-11 06:30:50,996][DEBUG][thread:1] Loading settings... [Core.Framework.Middleware.LogMiddleware.?]
[2018-07-11 06:30:51,400][DEBUG][thread:4] ListSettingsInternal() method invoked in :371ms 1 requestId:609d2c03-fc98-440b-9489-71b6579a5b70 [Core.Framework.Middleware.LogMiddleware.?]
[2018-07-11 06:30:51,407][DEBUG][thread:1] Settings loaded. Count:95 [Core.Framework.Middleware.LogMiddleware.?]
[2018-07-11 06:30:51,528][DEBUG][thread:4] ListAllLanguage() method invoked in :116ms 1 requestId:9992b0c5-de93-4f44-8a51-f16be1c7d607 [Core.Framework.Middleware.LogMiddleware.?]
[2018-07-11 06:30:51,535][DEBUG][thread:1] Language cache loaded.. [Core.Framework.Middleware.LogMiddleware.?]
[2018-07-11 06:30:51,539][INFO ][thread:1] ######  DeviceManager.Service STARTED!  ####### [Core.Framework.Middleware.LogMiddleware.?]
[2018-07-11 06:30:53,646][DEBUG][thread:7] User: 0 URL=/api/values [DeviceManager.API.CoreMiddleware.?]
[2018-07-11 06:32:14,172][DEBUG][thread:1] Log4Net Configuration loaded:/Users/atilla/WS/github/IP-Man/src/.vhs/devicemanager/logging.development.config [Core.Framework.Middleware.LogMiddleware.?]
[2018-07-11 06:32:14,214][DEBUG][thread:1] Loading settings... [Core.Framework.Middleware.LogMiddleware.?]
[2018-07-11 06:32:14,616][DEBUG][thread:4] ListSettingsInternal() method invoked in :369ms 1 requestId:9232a09f-df90-4764-848b-733e709d4fbf [Core.Framework.Middleware.LogMiddleware.?]
[2018-07-11 06:32:14,624][DEBUG][thread:1] Settings loaded. Count:95 [Core.Framework.Middleware.LogMiddleware.?]
[2018-07-11 06:32:14,694][DEBUG][thread:1] ListAllLanguage() method invoked in :60ms 1 requestId:e63b89fd-213c-4149-9fa3-34eaac11e3e7 [Core.Framework.Middleware.LogMiddleware.?]
[2018-07-11 06:32:14,698][DEBUG][thread:1] Language cache loaded.. [Core.Framework.Middleware.LogMiddleware.?]
[2018-07-11 06:32:14,701][INFO ][thread:1] ######  DeviceManager.Service STARTED!  ####### [Core.Framework.Middleware.LogMiddleware.?]
[2018-07-11 06:32:17,027][DEBUG][thread:7] User: 0 URL=/api/values [DeviceManager.API.CoreMiddleware.?]
[2018-07-11 06:33:38,045][DEBUG][thread:1] Log4Net Configuration loaded:/Users/atilla/WS/github/IP-Man/src/.vhs/devicemanager/logging.development.config [Core.Framework.Middleware.LogMiddleware.?]
[2018-07-11 06:33:38,091][DEBUG][thread:1] Loading settings... [Core.Framework.Middleware.LogMiddleware.?]
[2018-07-11 06:33:38,541][DEBUG][thread:4] ListSettingsInternal() method invoked in :416ms 1 requestId:34965d34-17a1-44fc-8768-18978756cd97 [Core.Framework.Middleware.LogMiddleware.?]
[2018-07-11 06:33:38,548][DEBUG][thread:1] Settings loaded. Count:95 [Core.Framework.Middleware.LogMiddleware.?]
[2018-07-11 06:33:38,644][DEBUG][thread:8] ListAllLanguage() method invoked in :92ms 1 requestId:e7599432-adca-42de-be30-93fcf058a7a2 [Core.Framework.Middleware.LogMiddleware.?]
[2018-07-11 06:33:38,650][DEBUG][thread:1] Language cache loaded.. [Core.Framework.Middleware.LogMiddleware.?]
[2018-07-11 06:33:38,654][INFO ][thread:1] ######  DeviceManager.Service STARTED!  ####### [Core.Framework.Middleware.LogMiddleware.?]
[2018-07-11 06:33:40,563][DEBUG][thread:7] User: 0 URL=/api/values [DeviceManager.API.CoreMiddleware.?]
[2018-07-11 07:02:17,759][DEBUG][thread:1] Log4Net Configuration loaded:/Users/atilla/WS/github/IP-Man/src/.vhs/devicemanager/logging.development.config [Core.Framework.Middleware.LogMiddleware.?]
[2018-07-11 07:02:17,806][DEBUG][thread:1] Loading settings... [Core.Framework.Middleware.LogMiddleware.?]
[2018-07-11 07:02:18,231][DEBUG][thread:5] ListSettingsInternal() method invoked in :392ms 1 requestId:f616f5ac-16b3-4c62-97d7-abb05b42eef8 [Core.Framework.Middleware.LogMiddleware.?]
[2018-07-11 07:02:18,238][DEBUG][thread:1] Settings loaded. Count:95 [Core.Framework.Middleware.LogMiddleware.?]
[2018-07-11 07:02:18,284][DEBUG][thread:1] ListAllLanguage() method invoked in :42ms 1 requestId:73099543-cb4c-4b2f-b4e5-925c69c5213c [Core.Framework.Middleware.LogMiddleware.?]
[2018-07-11 07:02:18,289][DEBUG][thread:1] Language cache loaded.. [Core.Framework.Middleware.LogMiddleware.?]
[2018-07-11 07:02:18,293][INFO ][thread:1] ######  DeviceManager.Service STARTED!  ####### [Core.Framework.Middleware.LogMiddleware.?]
[2018-07-11 07:02:20,940][DEBUG][thread:11] User: 0 URL=/api/values [DeviceManager.API.CoreMiddleware.?]
[2018-07-11 07:02:34,326][DEBUG][thread:11] User: 0 URL=/api/js/json/config.js [DeviceManager.API.CoreMiddleware.?]
[2018-07-11 07:02:36,545][DEBUG][thread:11] User: 0 URL=/api/device/listmodel [DeviceManager.API.CoreMiddleware.?]
[2018-07-11 07:02:36,695][DEBUG][thread:10] ListModel() method invoked in :55ms 0 requestId:0HLF6SCCSMFBO:00000003 [Core.Framework.Middleware.LogMiddleware.?]
[2018-07-11 07:02:37,461][DEBUG][thread:11] User: 0 URL=/api/device/listproperty [DeviceManager.API.CoreMiddleware.?]
[2018-07-11 07:02:37,498][DEBUG][thread:10] ListProperty() method invoked in :21ms 0 requestId:0HLF6SCCSMFBO:00000005 [Core.Framework.Middleware.LogMiddleware.?]
[2018-07-11 07:02:38,238][DEBUG][thread:11] User: 0 URL=/api/device/listtemplate [DeviceManager.API.CoreMiddleware.?]
[2018-07-11 07:02:38,274][DEBUG][thread:10] ListTemplate() method invoked in :21ms 0 requestId:0HLF6SCCSMFBO:00000007 [Core.Framework.Middleware.LogMiddleware.?]
[2018-07-11 07:02:40,578][DEBUG][thread:4] User: 0 URL=/api/device/listmodel [DeviceManager.API.CoreMiddleware.?]
[2018-07-11 07:02:40,591][DEBUG][thread:4] ListModel() method invoked in :5ms 0 requestId:0HLF6SCCSMFBO:00000008 [Core.Framework.Middleware.LogMiddleware.?]
[2018-07-11 07:02:44,111][DEBUG][thread:4] User: 0 URL=/api/js/json/config.js [DeviceManager.API.CoreMiddleware.?]
[2018-07-11 07:02:44,557][DEBUG][thread:4] User: 0 URL=/api/device/listmodel [DeviceManager.API.CoreMiddleware.?]
[2018-07-11 07:02:44,606][DEBUG][thread:10] ListModel() method invoked in :40ms 0 requestId:0HLF6SCCSMFBO:0000000B [Core.Framework.Middleware.LogMiddleware.?]
[2018-07-11 07:03:45,408][DEBUG][thread:23] User: 0 URL=/api/js/json/config.js [DeviceManager.API.CoreMiddleware.?]
[2018-07-11 07:03:54,672][DEBUG][thread:25] User: 0 URL=/api/device/listmodel [DeviceManager.API.CoreMiddleware.?]
[2018-07-11 07:03:54,701][DEBUG][thread:24] ListModel() method invoked in :18ms 0 requestId:0HLF6SCCSMFBO:0000000E [Core.Framework.Middleware.LogMiddleware.?]
[2018-07-11 07:06:46,465][DEBUG][thread:1] Log4Net Configuration loaded:/Users/atilla/WS/github/IP-Man/src/.vhs/devicemanager/logging.development.config [Core.Framework.Middleware.LogMiddleware.?]
[2018-07-11 07:06:46,510][DEBUG][thread:1] Loading settings... [Core.Framework.Middleware.LogMiddleware.?]
[2018-07-11 07:06:46,932][DEBUG][thread:5] ListSettingsInternal() method invoked in :389ms 1 requestId:a035003a-d526-4d6d-b58b-e1f99597cbf4 [Core.Framework.Middleware.LogMiddleware.?]
[2018-07-11 07:06:46,941][DEBUG][thread:1] Settings loaded. Count:95 [Core.Framework.Middleware.LogMiddleware.?]
[2018-07-11 07:06:47,041][DEBUG][thread:4] ListAllLanguage() method invoked in :93ms 1 requestId:b1f8f392-6e7a-4293-aad4-3ef0687fca18 [Core.Framework.Middleware.LogMiddleware.?]
[2018-07-11 07:06:47,047][DEBUG][thread:1] Language cache loaded.. [Core.Framework.Middleware.LogMiddleware.?]
[2018-07-11 07:06:47,050][INFO ][thread:1] ######  DeviceManager.Service STARTED!  ####### [Core.Framework.Middleware.LogMiddleware.?]
[2018-07-11 07:06:48,944][DEBUG][thread:4] User: 0 URL=/api/values [DeviceManager.API.CoreMiddleware.?]
[2018-07-11 07:06:57,825][DEBUG][thread:4] User: 0 URL=/api/js/json/config.js [DeviceManager.API.CoreMiddleware.?]
[2018-07-11 07:07:30,117][DEBUG][thread:4] User: 0 URL=/api/js/json/config.js [DeviceManager.API.CoreMiddleware.?]
[2018-07-11 07:07:30,859][DEBUG][thread:16] User: 0 URL=/api/device/listmodel [DeviceManager.API.CoreMiddleware.?]
[2018-07-11 07:07:31,092][DEBUG][thread:4] ListModel() method invoked in :90ms 0 requestId:0HLF6SESO1KRS:00000004 [Core.Framework.Middleware.LogMiddleware.?]
[2018-07-11 07:07:55,647][DEBUG][thread:19] User: 0 URL=/api/js/json/config.js [DeviceManager.API.CoreMiddleware.?]
[2018-07-11 07:07:55,746][DEBUG][thread:21] User: 0 URL=/favicon.ico [DeviceManager.API.CoreMiddleware.?]
[2018-07-11 07:08:04,780][DEBUG][thread:21] User: 0 URL=/api/js/json/config.js [DeviceManager.API.CoreMiddleware.?]
[2018-07-11 07:08:05,146][DEBUG][thread:20] User: 0 URL=/api/device/listmodel [DeviceManager.API.CoreMiddleware.?]
[2018-07-11 07:08:05,200][DEBUG][thread:19] ListModel() method invoked in :42ms 0 requestId:0HLF6SESO1KRS:00000007 [Core.Framework.Middleware.LogMiddleware.?]
[2018-07-11 07:08:16,868][DEBUG][thread:4] User: 0 URL=/api/js/json/config.js [DeviceManager.API.CoreMiddleware.?]
[2018-07-11 07:11:23,398][DEBUG][thread:29] User: 0 URL=/api/device/listproperty [DeviceManager.API.CoreMiddleware.?]
[2018-07-11 07:11:23,449][DEBUG][thread:29] ListProperty() method invoked in :27ms 0 requestId:0HLF6SESO1KRS:00000009 [Core.Framework.Middleware.LogMiddleware.?]
[2018-07-11 07:11:23,957][DEBUG][thread:25] User: 0 URL=/api/device/listmodel [DeviceManager.API.CoreMiddleware.?]
[2018-07-11 07:11:24,004][DEBUG][thread:29] ListModel() method invoked in :18ms 0 requestId:0HLF6SESO1KRS:0000000B [Core.Framework.Middleware.LogMiddleware.?]
[2018-07-11 07:11:24,578][DEBUG][thread:36] User: 0 URL=/api/device/listtemplate [DeviceManager.API.CoreMiddleware.?]
[2018-07-11 07:11:24,618][DEBUG][thread:37] ListTemplate() method invoked in :22ms 0 requestId:0HLF6SESO1KRS:0000000D [Core.Framework.Middleware.LogMiddleware.?]
[2018-07-11 07:11:36,876][DEBUG][thread:36] User: 0 URL=/api/js/json/config.js [DeviceManager.API.CoreMiddleware.?]
[2018-07-11 07:11:38,067][DEBUG][thread:37] User: 0 URL=/api/device/listproperty [DeviceManager.API.CoreMiddleware.?]
[2018-07-11 07:11:38,110][DEBUG][thread:34] ListProperty() method invoked in :34ms 0 requestId:0HLF6SESO1KS6:00000003 [Core.Framework.Middleware.LogMiddleware.?]
[2018-07-11 07:11:38,635][DEBUG][thread:37] User: 0 URL=/api/device/listmodel [DeviceManager.API.CoreMiddleware.?]
[2018-07-11 07:11:38,664][DEBUG][thread:25] ListModel() method invoked in :19ms 0 requestId:0HLF6SESO1KS6:00000005 [Core.Framework.Middleware.LogMiddleware.?]
[2018-07-11 07:11:39,981][DEBUG][thread:25] User: 0 URL=/api/device/listtemplate [DeviceManager.API.CoreMiddleware.?]
[2018-07-11 07:11:40,004][DEBUG][thread:37] ListTemplate() method invoked in :15ms 0 requestId:0HLF6SESO1KS6:00000007 [Core.Framework.Middleware.LogMiddleware.?]
[2018-07-11 07:11:40,752][DEBUG][thread:25] User: 0 URL=/api/device/listmodel [DeviceManager.API.CoreMiddleware.?]
[2018-07-11 07:11:40,800][DEBUG][thread:36] ListModel() method invoked in :16ms 0 requestId:0HLF6SESO1KS6:00000008 [Core.Framework.Middleware.LogMiddleware.?]
[2018-07-11 07:11:41,518][DEBUG][thread:36] User: 0 URL=/api/device/listproperty [DeviceManager.API.CoreMiddleware.?]
[2018-07-11 07:11:41,541][DEBUG][thread:37] ListProperty() method invoked in :15ms 0 requestId:0HLF6SESO1KS6:00000009 [Core.Framework.Middleware.LogMiddleware.?]
[2018-07-11 07:11:43,553][DEBUG][thread:25] User: 0 URL=/api/device/listtemplate [DeviceManager.API.CoreMiddleware.?]
[2018-07-11 07:11:43,574][DEBUG][thread:29] ListTemplate() method invoked in :14ms 0 requestId:0HLF6SESO1KS6:0000000A [Core.Framework.Middleware.LogMiddleware.?]
[2018-07-11 07:11:44,155][DEBUG][thread:37] User: 0 URL=/api/device/listmodel [DeviceManager.API.CoreMiddleware.?]
[2018-07-11 07:11:44,175][DEBUG][thread:29] ListModel() method invoked in :14ms 0 requestId:0HLF6SESO1KS6:0000000C [Core.Framework.Middleware.LogMiddleware.?]
[2018-07-11 07:11:48,273][DEBUG][thread:29] User: 0 URL=/api/device/listproperty [DeviceManager.API.CoreMiddleware.?]
[2018-07-11 07:11:48,293][DEBUG][thread:32] ListProperty() method invoked in :13ms 0 requestId:0HLF6SESO1KS6:0000000E [Core.Framework.Middleware.LogMiddleware.?]
[2018-07-11 07:11:50,741][DEBUG][thread:29] User: 0 URL=/api/system/listlanguage [DeviceManager.API.CoreMiddleware.?]
[2018-07-11 07:11:51,553][DEBUG][thread:25] User: 0 URL=/api/device/listtemplate [DeviceManager.API.CoreMiddleware.?]
[2018-07-11 07:11:51,582][DEBUG][thread:29] ListTemplate() method invoked in :17ms 0 requestId:0HLF6SESO1KS6:00000012 [Core.Framework.Middleware.LogMiddleware.?]
